================check Overlapping========================
number of overlapping tcrs:  1
number of overlapping epitopes:  0
Model: "model_2"
__________________________________________________________________________________________________
Layer (type)                    Output Shape         Param #     Connected to                     
==================================================================================================
input_1 (InputLayer)            [(None, 2048)]       0                                            
__________________________________________________________________________________________________
input_2 (InputLayer)            [(None, 2048)]       0                                            
__________________________________________________________________________________________________
dense (Dense)                   (None, 2048)         4196352     input_1[0][0]                    
__________________________________________________________________________________________________
dense_1 (Dense)                 (None, 2048)         4196352     input_2[0][0]                    
__________________________________________________________________________________________________
batch_normalization (BatchNorma (None, 2048)         8192        dense[0][0]                      
__________________________________________________________________________________________________
batch_normalization_1 (BatchNor (None, 2048)         8192        dense_1[0][0]                    
__________________________________________________________________________________________________
dropout (Dropout)               (None, 2048)         0           batch_normalization[0][0]        
__________________________________________________________________________________________________
dropout_1 (Dropout)             (None, 2048)         0           batch_normalization_1[0][0]      
__________________________________________________________________________________________________
tf.nn.silu (TFOpLambda)         (None, 2048)         0           dropout[0][0]                    
__________________________________________________________________________________________________
tf.nn.silu_1 (TFOpLambda)       (None, 2048)         0           dropout_1[0][0]                  
__________________________________________________________________________________________________
concatenate (Concatenate)       (None, 4096)         0           tf.nn.silu[0][0]                 
                                                                 tf.nn.silu_1[0][0]               
__________________________________________________________________________________________________
dense_2 (Dense)                 (None, 1024)         4195328     concatenate[0][0]                
__________________________________________________________________________________________________
batch_normalization_2 (BatchNor (None, 1024)         4096        dense_2[0][0]                    
__________________________________________________________________________________________________
dropout_2 (Dropout)             (None, 1024)         0           batch_normalization_2[0][0]      
__________________________________________________________________________________________________
tf.nn.silu_2 (TFOpLambda)       (None, 1024)         0           dropout_2[0][0]                  
__________________________________________________________________________________________________
dense_3 (Dense)                 (None, 1)            1025        tf.nn.silu_2[0][0]               
==================================================================================================
Total params: 12,609,537
Trainable params: 12,599,297
Non-trainable params: 10,240
__________________________________________________________________________________________________
Epoch 00040: early stopping
================Performance========================
catELMo_4_layers_1024_epi_seed_42_fraction_1.0AUC: 0.7028194082287651
precision_recall_fscore_macro (0.6434400502197113, 0.6417242601453128, 0.6407777777777779, None)
acc is 0.6419287211740042
precision1 is 0.6572504708097928
precision0 is 0.6296296296296297
recall1 is 0.5875420875420876
recall0 is 0.695906432748538
f1macro is 0.6407777777777779
f1micro is 0.6419287211740042
