================check Overlapping========================
number of overlapping tcrs:  1
number of overlapping epitopes:  0
Model: "model_2"
__________________________________________________________________________________________________
Layer (type)                    Output Shape         Param #     Connected to                     
==================================================================================================
input_1 (InputLayer)            [(None, 2048)]       0                                            
__________________________________________________________________________________________________
input_2 (InputLayer)            [(None, 2048)]       0                                            
__________________________________________________________________________________________________
dense (Dense)                   (None, 2048)         4196352     input_1[0][0]                    
__________________________________________________________________________________________________
dense_1 (Dense)                 (None, 2048)         4196352     input_2[0][0]                    
__________________________________________________________________________________________________
batch_normalization (BatchNorma (None, 2048)         8192        dense[0][0]                      
__________________________________________________________________________________________________
batch_normalization_1 (BatchNor (None, 2048)         8192        dense_1[0][0]                    
__________________________________________________________________________________________________
dropout (Dropout)               (None, 2048)         0           batch_normalization[0][0]        
__________________________________________________________________________________________________
dropout_1 (Dropout)             (None, 2048)         0           batch_normalization_1[0][0]      
__________________________________________________________________________________________________
tf.nn.silu (TFOpLambda)         (None, 2048)         0           dropout[0][0]                    
__________________________________________________________________________________________________
tf.nn.silu_1 (TFOpLambda)       (None, 2048)         0           dropout_1[0][0]                  
__________________________________________________________________________________________________
concatenate (Concatenate)       (None, 4096)         0           tf.nn.silu[0][0]                 
                                                                 tf.nn.silu_1[0][0]               
__________________________________________________________________________________________________
dense_2 (Dense)                 (None, 1024)         4195328     concatenate[0][0]                
__________________________________________________________________________________________________
batch_normalization_2 (BatchNor (None, 1024)         4096        dense_2[0][0]                    
__________________________________________________________________________________________________
dropout_2 (Dropout)             (None, 1024)         0           batch_normalization_2[0][0]      
__________________________________________________________________________________________________
tf.nn.silu_2 (TFOpLambda)       (None, 1024)         0           dropout_2[0][0]                  
__________________________________________________________________________________________________
dense_3 (Dense)                 (None, 1)            1025        tf.nn.silu_2[0][0]               
==================================================================================================
Total params: 12,609,537
Trainable params: 12,599,297
Non-trainable params: 10,240
__________________________________________________________________________________________________
Epoch 00045: early stopping
================Performance========================
catELMo_4_layers_1024_epi_seed_42_fraction_1.0AUC: 0.7241732980037073
precision_recall_fscore_macro (0.6494827164279025, 0.6494835573782942, 0.6494758293625568, None)
acc is 0.649475890985325
precision1 is 0.6471571906354515
precision0 is 0.6518082422203533
recall1 is 0.6515151515151515
recall0 is 0.647451963241437
f1macro is 0.6494758293625568
f1micro is 0.649475890985325
